2024/01/23 10:41:06 wazuh-monitord: INFO: Starting new log after rotation.
2024/01/23 10:41:06 wazuh-monitord: INFO: No previous md5 checksum found: 'logs/archives/2024/Jan/ossec-archive-22.log.sum'. Starting over.
2024/01/23 10:41:06 wazuh-monitord: INFO: No previous sha1 checksum found: 'logs/archives/2024/Jan/ossec-archive-22.log.sum'. Starting over.
2024/01/23 10:41:06 wazuh-monitord: INFO: No previous sha256 checksum found: 'logs/archives/2024/Jan/ossec-archive-22.log.sum'. Starting over.
2024/01/23 10:41:06 wazuh-monitord: INFO: No previous md5 checksum found: 'logs/archives/2024/Jan/ossec-archive-22.json.sum'. Starting over.
2024/01/23 10:41:06 wazuh-monitord: INFO: No previous sha1 checksum found: 'logs/archives/2024/Jan/ossec-archive-22.json.sum'. Starting over.
2024/01/23 10:41:06 wazuh-monitord: INFO: No previous sha256 checksum found: 'logs/archives/2024/Jan/ossec-archive-22.json.sum'. Starting over.
2024/01/23 10:41:06 wazuh-monitord: INFO: No previous md5 checksum found: 'logs/alerts/2024/Jan/ossec-alerts-22.log.sum'. Starting over.
2024/01/23 10:41:06 wazuh-monitord: INFO: No previous sha1 checksum found: 'logs/alerts/2024/Jan/ossec-alerts-22.log.sum'. Starting over.
2024/01/23 10:41:06 wazuh-monitord: INFO: No previous sha256 checksum found: 'logs/alerts/2024/Jan/ossec-alerts-22.log.sum'. Starting over.
2024/01/23 10:41:06 wazuh-monitord: INFO: No previous md5 checksum found: 'logs/alerts/2024/Jan/ossec-alerts-22.json.sum'. Starting over.
2024/01/23 10:41:06 wazuh-monitord: INFO: No previous sha1 checksum found: 'logs/alerts/2024/Jan/ossec-alerts-22.json.sum'. Starting over.
2024/01/23 10:41:06 wazuh-monitord: INFO: No previous sha256 checksum found: 'logs/alerts/2024/Jan/ossec-alerts-22.json.sum'. Starting over.
2024/01/23 10:41:06 wazuh-monitord: INFO: No previous md5 checksum found: 'logs/firewall/2024/Jan/ossec-firewall-22.log.sum'. Starting over.
2024/01/23 10:41:06 wazuh-monitord: INFO: No previous sha1 checksum found: 'logs/firewall/2024/Jan/ossec-firewall-22.log.sum'. Starting over.
2024/01/23 10:41:06 wazuh-monitord: INFO: No previous sha256 checksum found: 'logs/firewall/2024/Jan/ossec-firewall-22.log.sum'. Starting over.
2024/01/23 10:41:16 sca: INFO: Evaluation finished for policy '/var/ossec/ruleset/sca/cis_ubuntu20-04.yml'
2024/01/23 10:41:16 sca: INFO: Security Configuration Assessment scan finished. Duration: 17 seconds.
2024/01/23 10:41:21 rootcheck: INFO: Ending rootcheck scan.
2024/01/23 10:41:36 sca: INFO: Integration checksum failed for policy '/var/ossec/ruleset/sca/cis_ubuntu20-04.yml'. Resending scan results in 193 seconds.
2024/01/23 10:48:09 wazuh-db: INFO: (1225): SIGNAL [(1)-(Hangup)] Received. Exit Cleaning...
2024/01/23 10:48:09 wazuh-authd: INFO: (1225): SIGNAL [(1)-(Hangup)] Received. Exit Cleaning...
2024/01/23 10:48:09 wazuh-authd: INFO: (1225): SIGNAL [(15)-(Terminated)] Received. Exit Cleaning...
2024/01/23 10:48:09 wazuh-db: INFO: (1225): SIGNAL [(15)-(Terminated)] Received. Exit Cleaning...
2024/01/23 10:48:09 wazuh-syscheckd: INFO: (1756): Shutdown received. Releasing resources.
2024/01/23 10:48:09 wazuh-execd: INFO: (1314): Shutdown received. Deleting responses.
2024/01/23 10:48:09 wazuh-execd: INFO: (1225): SIGNAL [(15)-(Terminated)] Received. Exit Cleaning...
2024/01/23 10:48:09 wazuh-remoted: INFO: (1225): SIGNAL [(15)-(Terminated)] Received. Exit Cleaning...
2024/01/23 10:48:09 wazuh-analysisd: INFO: (1225): SIGNAL [(15)-(Terminated)] Received. Exit Cleaning...
2024/01/23 10:48:09 wazuh-syscheckd: INFO: (1225): SIGNAL [(15)-(Terminated)] Received. Exit Cleaning...
2024/01/23 10:48:09 wazuh-logcollector: INFO: (1225): SIGNAL [(15)-(Terminated)] Received. Exit Cleaning...
2024/01/23 10:48:09 wazuh-monitord: INFO: (1225): SIGNAL [(15)-(Terminated)] Received. Exit Cleaning...
2024/01/23 10:48:10 wazuh-authd: INFO: Exiting...
2024/01/23 10:48:53 wazuh-csyslogd: INFO: Remote syslog server not configured. Clean exit.
2024/01/23 10:48:53 wazuh-dbd: INFO: Database not configured. Clean exit.
2024/01/23 10:48:53 wazuh-integratord: INFO: Remote integrations not configured. Clean exit.
2024/01/23 10:48:53 wazuh-agentlessd: INFO: Not configured. Exiting.
2024/01/23 10:48:53 wazuh-authd: INFO: Started (pid: 460).
2024/01/23 10:48:53 wazuh-authd: INFO: Accepting connections on port 1515. No password required.
2024/01/23 10:48:53 wazuh-authd: INFO: Setting network timeout to 1.000000 sec.
2024/01/23 10:48:54 wazuh-db: INFO: Started (pid: 478).
2024/01/23 10:48:54 wazuh-db: INFO: Created Global database backup "backup/db/global.db-backup-2024-01-23-10:48:54.gz"
2024/01/23 10:48:55 wazuh-execd: INFO: Started (pid: 504).
2024/01/23 10:48:58 wazuh-syscheckd: INFO: Started (pid: 530).
2024/01/23 10:48:58 wazuh-syscheckd: INFO: (6003): Monitoring path: '/bin', with options 'size | permissions | owner | group | mtime | inode | hash_md5 | hash_sha1 | hash_sha256 | scheduled'.
2024/01/23 10:48:58 wazuh-syscheckd: INFO: (6003): Monitoring path: '/boot', with options 'size | permissions | owner | group | mtime | inode | hash_md5 | hash_sha1 | hash_sha256 | scheduled'.
2024/01/23 10:48:58 wazuh-syscheckd: INFO: (6003): Monitoring path: '/etc', with options 'size | permissions | owner | group | mtime | inode | hash_md5 | hash_sha1 | hash_sha256 | scheduled'.
2024/01/23 10:48:58 wazuh-syscheckd: INFO: (6003): Monitoring path: '/sbin', with options 'size | permissions | owner | group | mtime | inode | hash_md5 | hash_sha1 | hash_sha256 | scheduled'.
2024/01/23 10:48:58 wazuh-syscheckd: INFO: (6003): Monitoring path: '/usr/bin', with options 'size | permissions | owner | group | mtime | inode | hash_md5 | hash_sha1 | hash_sha256 | scheduled'.
2024/01/23 10:48:58 wazuh-syscheckd: INFO: (6003): Monitoring path: '/usr/sbin', with options 'size | permissions | owner | group | mtime | inode | hash_md5 | hash_sha1 | hash_sha256 | scheduled'.
2024/01/23 10:48:58 wazuh-syscheckd: INFO: (6206): Ignore 'file' entry '/etc/mtab'
2024/01/23 10:48:58 wazuh-syscheckd: INFO: (6206): Ignore 'file' entry '/etc/hosts.deny'
2024/01/23 10:48:58 wazuh-syscheckd: INFO: (6206): Ignore 'file' entry '/etc/mail/statistics'
2024/01/23 10:48:58 wazuh-syscheckd: INFO: (6206): Ignore 'file' entry '/etc/random-seed'
2024/01/23 10:48:58 wazuh-syscheckd: INFO: (6206): Ignore 'file' entry '/etc/random.seed'
2024/01/23 10:48:58 wazuh-syscheckd: INFO: (6206): Ignore 'file' entry '/etc/adjtime'
2024/01/23 10:48:58 wazuh-syscheckd: INFO: (6206): Ignore 'file' entry '/etc/httpd/logs'
2024/01/23 10:48:58 wazuh-syscheckd: INFO: (6206): Ignore 'file' entry '/etc/utmpx'
2024/01/23 10:48:58 wazuh-syscheckd: INFO: (6206): Ignore 'file' entry '/etc/wtmpx'
2024/01/23 10:48:58 wazuh-syscheckd: INFO: (6206): Ignore 'file' entry '/etc/cups/certs'
2024/01/23 10:48:58 wazuh-syscheckd: INFO: (6206): Ignore 'file' entry '/etc/dumpdates'
2024/01/23 10:48:58 wazuh-syscheckd: INFO: (6206): Ignore 'file' entry '/etc/svc/volatile'
2024/01/23 10:48:58 wazuh-syscheckd: INFO: (6207): Ignore 'file' sregex '.log$|.swp$'
2024/01/23 10:48:58 wazuh-syscheckd: INFO: (6004): No diff for file: '/etc/ssl/private.key'
2024/01/23 10:48:58 wazuh-syscheckd: INFO: (6000): Starting daemon...
2024/01/23 10:48:58 wazuh-syscheckd: INFO: (6010): File integrity monitoring scan frequency: 43200 seconds
2024/01/23 10:48:58 wazuh-syscheckd: INFO: (6008): File integrity monitoring scan started.
2024/01/23 10:48:58 rootcheck: INFO: Starting rootcheck scan.
2024/01/23 10:48:59 wazuh-remoted: INFO: Started (pid: 548). Listening on port 1514/TCP (secure).
2024/01/23 10:48:59 wazuh-remoted: INFO: (1410): Reading authentication keys file.
2024/01/23 10:48:59 wazuh-analysisd: INFO: Total rules enabled: '6775'
2024/01/23 10:48:59 wazuh-analysisd: INFO: Started (pid: 519).
2024/01/23 10:48:59 wazuh-analysisd: INFO: EPS limit disabled
2024/01/23 10:48:59 wazuh-analysisd: INFO: (7200): Logtest started
2024/01/23 10:49:00 wazuh-logcollector: INFO: Monitoring output of command(360): df -P
2024/01/23 10:49:00 wazuh-logcollector: INFO: Monitoring full output of command(360): netstat -tulpn | sed 's/\([[:alnum:]]\+\)\ \+[[:digit:]]\+\ \+[[:digit:]]\+\ \+\(.*\):\([[:digit:]]*\)\ \+\([0-9\.\:\*]\+\).\+\ \([[:digit:]]*\/[[:alnum:]\-]*\).*/\1 \2 == \3 == \4 \5/' | sort -k 4 -g | sed 's/ == \(.*\) ==/:\1/' | sed 1,2d
2024/01/23 10:49:00 wazuh-logcollector: INFO: Monitoring full output of command(360): last -n 20
2024/01/23 10:49:00 wazuh-logcollector: INFO: (1950): Analyzing file: '/var/ossec/logs/active-responses.log'.
2024/01/23 10:49:00 wazuh-logcollector: INFO: (1950): Analyzing file: '/var/log/dpkg.log'.
2024/01/23 10:49:00 wazuh-logcollector: INFO: Started (pid: 631).
2024/01/23 10:49:01 wazuh-monitord: INFO: Started (pid: 651).
2024/01/23 10:49:03 wazuh-modulesd: INFO: Started (pid: 673).
2024/01/23 10:49:03 sca: INFO: Module started.
2024/01/23 10:49:03 sca: INFO: Loaded policy '/var/ossec/ruleset/sca/cis_ubuntu20-04.yml'
2024/01/23 10:49:03 sca: INFO: Starting Security Configuration Assessment scan.
2024/01/23 10:49:03 wazuh-modulesd:database: INFO: Module started.
2024/01/23 10:49:03 wazuh-modulesd:control: INFO: Starting control thread.
2024/01/23 10:49:03 wazuh-modulesd:osquery: INFO: Module disabled. Exiting...
2024/01/23 10:49:03 wazuh-modulesd:task-manager: INFO: (8200): Module Task Manager started.
2024/01/23 10:49:03 wazuh-modulesd:download: INFO: Module started.
2024/01/23 10:49:03 wazuh-modulesd:ciscat: INFO: Module disabled. Exiting...
2024/01/23 10:49:03 wazuh-modulesd:agent-upgrade: INFO: (8153): Module Agent Upgrade started.
2024/01/23 10:49:03 wazuh-modulesd:syscollector: INFO: Module started.
2024/01/23 10:49:03 wazuh-modulesd:syscollector: INFO: Starting evaluation.
2024/01/23 10:49:03 wazuh-modulesd:syscollector: INFO: Evaluation finished.
2024/01/23 10:49:03 sca: INFO: Starting evaluation of policy: '/var/ossec/ruleset/sca/cis_ubuntu20-04.yml'
2024/01/23 10:49:09 wazuh-syscheckd: INFO: (6009): File integrity monitoring scan ended.
2024/01/23 10:49:09 wazuh-syscheckd: INFO: FIM sync module started.
2024/01/23 10:49:22 sca: INFO: Evaluation finished for policy '/var/ossec/ruleset/sca/cis_ubuntu20-04.yml'
2024/01/23 10:49:22 sca: INFO: Security Configuration Assessment scan finished. Duration: 19 seconds.
2024/01/23 10:49:34 rootcheck: INFO: Ending rootcheck scan.
2024/01/23 11:49:04 wazuh-modulesd:syscollector: INFO: Starting evaluation.
2024/01/23 11:49:07 wazuh-modulesd:syscollector: INFO: Evaluation finished.
2024/01/23 11:49:18 wazuh-analysisd: WARNING: (7616): List 'etc/lists/unwanted-software' could not be loaded. Rule '100500' will be ignored.
2024/01/23 11:50:27 wazuh-analysisd: ERROR: Invalid decoder name: 'ioc_builder'.
2024/01/23 11:50:27 wazuh-analysisd: CRITICAL: (1220): Error loading the rules: 'etc/rules/local_rules.xml'.
2024/01/23 11:50:33 wazuh-analysisd: ERROR: Invalid decoder name: 'ioc_builder'.
2024/01/23 11:50:33 wazuh-analysisd: CRITICAL: (1220): Error loading the rules: 'etc/rules/local_rules.xml'.
2024/01/23 11:53:00 wazuh-analysisd: WARNING: (7616): List 'etc/lists/unwanted-software' could not be loaded. Rule '100500' will be ignored.
2024/01/23 11:53:32 wazuh-analysisd: WARNING: (7616): List 'etc/lists/unwanted-software' could not be loaded. Rule '100500' will be ignored.
2024/01/23 11:55:12 wazuh-analysisd: WARNING: (7616): List 'etc/lists/unwanted-software' could not be loaded. Rule '100500' will be ignored.
2024/01/23 12:45:03 wazuh-analysisd: WARNING: (7616): List 'etc/lists/unwanted-software' could not be loaded. Rule '100500' will be ignored.
2024/01/23 12:48:27 wazuh-analysisd: WARNING: (7616): List 'etc/lists/blacklist-alienvault' could not be loaded. Rule '100100' will be ignored.
2024/01/23 12:48:27 wazuh-analysisd: WARNING: (7616): List 'etc/lists/unwanted-software' could not be loaded. Rule '100500' will be ignored.
2024/01/23 12:49:04 wazuh-analysisd: WARNING: (1103): Could not open file 'etc/lists/blacklist-alienvault' due to [(2)-(No such file or directory)].
2024/01/23 12:49:04 wazuh-analysisd: WARNING: (1103): Could not open file 'etc/lists/unwanted-software' due to [(2)-(No such file or directory)].
2024/01/23 12:49:05 wazuh-analysisd: WARNING: (7616): List 'etc/lists/blacklist-alienvault' could not be loaded. Rule '100100' will be ignored.
2024/01/23 12:49:05 wazuh-analysisd: WARNING: (7616): List 'etc/lists/unwanted-software' could not be loaded. Rule '100500' will be ignored.
2024/01/23 12:49:06 wazuh-analysisd: WARNING: (1103): Could not open file 'etc/lists/blacklist-alienvault' due to [(2)-(No such file or directory)].
2024/01/23 12:49:06 wazuh-analysisd: WARNING: (1103): Could not open file 'etc/lists/unwanted-software' due to [(2)-(No such file or directory)].
2024/01/23 12:49:06 wazuh-analysisd: WARNING: (7616): List 'etc/lists/blacklist-alienvault' could not be loaded. Rule '100100' will be ignored.
2024/01/23 12:49:07 wazuh-analysisd: WARNING: (7616): List 'etc/lists/unwanted-software' could not be loaded. Rule '100500' will be ignored.
2024/01/23 12:49:08 wazuh-modulesd:syscollector: INFO: Starting evaluation.
2024/01/23 12:49:10 wazuh-modulesd:syscollector: INFO: Evaluation finished.
2024/01/23 12:49:21 wazuh-analysisd: WARNING: (1103): Could not open file 'etc/lists/blacklist-alienvault' due to [(2)-(No such file or directory)].
2024/01/23 12:49:21 wazuh-analysisd: WARNING: (1103): Could not open file 'etc/lists/unwanted-software' due to [(2)-(No such file or directory)].
2024/01/23 12:49:22 wazuh-analysisd: WARNING: (7616): List 'etc/lists/blacklist-alienvault' could not be loaded. Rule '100100' will be ignored.
2024/01/23 12:49:22 wazuh-analysisd: WARNING: (7616): List 'etc/lists/unwanted-software' could not be loaded. Rule '100500' will be ignored.
2024/01/23 12:51:12 wazuh-analysisd: WARNING: (1103): Could not open file 'etc/lists/blacklist-alienvault' due to [(2)-(No such file or directory)].
2024/01/23 12:51:12 wazuh-analysisd: WARNING: (1103): Could not open file 'etc/lists/unwanted-software' due to [(2)-(No such file or directory)].
2024/01/23 12:51:13 wazuh-analysisd: WARNING: (7616): List 'etc/lists/blacklist-alienvault' could not be loaded. Rule '100100' will be ignored.
2024/01/23 12:51:13 wazuh-analysisd: WARNING: (7616): List 'etc/lists/unwanted-software' could not be loaded. Rule '100500' will be ignored.
2024/01/23 12:51:26 wazuh-analysisd: WARNING: (7616): List 'etc/lists/blacklist-alienvault' could not be loaded. Rule '100100' will be ignored.
2024/01/23 12:51:26 wazuh-analysisd: WARNING: (7616): List 'etc/lists/unwanted-software' could not be loaded. Rule '100500' will be ignored.
2024/01/23 12:51:27 wazuh-analysisd: WARNING: (7616): List 'etc/lists/blacklist-alienvault' could not be loaded. Rule '100100' will be ignored.
2024/01/23 12:51:27 wazuh-analysisd: WARNING: (7616): List 'etc/lists/unwanted-software' could not be loaded. Rule '100500' will be ignored.
2024/01/23 12:52:28 wazuh-analysisd: WARNING: (7616): List 'etc/lists/blacklist-alienvault' could not be loaded. Rule '100100' will be ignored.
2024/01/23 12:52:28 wazuh-analysisd: WARNING: (7616): List 'etc/lists/unwanted-software' could not be loaded. Rule '100500' will be ignored.
2024/01/23 12:52:46 wazuh-testrule: WARNING: (7616): List 'etc/lists/blacklist-alienvault' could not be loaded. Rule '100100' will be ignored.
2024/01/23 12:52:46 wazuh-testrule: WARNING: (7616): List 'etc/lists/unwanted-software' could not be loaded. Rule '100500' will be ignored.
2024/01/23 12:52:47 wazuh-analysisd: WARNING: (7616): List 'etc/lists/blacklist-alienvault' could not be loaded. Rule '100100' will be ignored.
2024/01/23 12:52:47 wazuh-analysisd: WARNING: (7616): List 'etc/lists/unwanted-software' could not be loaded. Rule '100500' will be ignored.
2024/01/23 12:52:48 wazuh-modulesd:syscollector: INFO: Stop received for Syscollector.
2024/01/23 12:52:48 wazuh-modulesd:syscollector: INFO: Module finished.
2024/01/23 12:52:48 wazuh-monitord: INFO: (1225): SIGNAL [(15)-(Terminated)] Received. Exit Cleaning...
2024/01/23 12:52:48 wazuh-logcollector: INFO: (1225): SIGNAL [(15)-(Terminated)] Received. Exit Cleaning...
2024/01/23 12:52:48 wazuh-remoted: INFO: (1225): SIGNAL [(15)-(Terminated)] Received. Exit Cleaning...
2024/01/23 12:52:48 wazuh-syscheckd: INFO: (1756): Shutdown received. Releasing resources.
2024/01/23 12:52:48 wazuh-syscheckd: INFO: (1225): SIGNAL [(15)-(Terminated)] Received. Exit Cleaning...
2024/01/23 12:52:48 wazuh-analysisd: INFO: (1225): SIGNAL [(15)-(Terminated)] Received. Exit Cleaning...
2024/01/23 12:52:49 wazuh-execd: INFO: (1314): Shutdown received. Deleting responses.
2024/01/23 12:52:49 wazuh-execd: INFO: (1225): SIGNAL [(15)-(Terminated)] Received. Exit Cleaning...
2024/01/23 12:52:49 wazuh-db: INFO: (1225): SIGNAL [(15)-(Terminated)] Received. Exit Cleaning...
2024/01/23 12:52:50 wazuh-authd: INFO: (1225): SIGNAL [(15)-(Terminated)] Received. Exit Cleaning...
2024/01/23 12:52:50 wazuh-authd: INFO: Exiting...
2024/01/23 12:52:51 wazuh-testrule: WARNING: (7616): List 'etc/lists/blacklist-alienvault' could not be loaded. Rule '100100' will be ignored.
2024/01/23 12:52:51 wazuh-testrule: WARNING: (7616): List 'etc/lists/unwanted-software' could not be loaded. Rule '100500' will be ignored.
2024/01/23 12:52:53 wazuh-csyslogd: INFO: Remote syslog server not configured. Clean exit.
2024/01/23 12:52:53 wazuh-dbd: INFO: Database not configured. Clean exit.
2024/01/23 12:52:53 wazuh-integratord: INFO: Started (pid: 2820).
2024/01/23 12:52:53 wazuh-integratord: INFO: Enabling integration for: 'shuffle'.
2024/01/23 12:52:53 wazuh-integratord: INFO: Enabling integration for: 'virustotal'.
2024/01/23 12:52:53 wazuh-integratord: INFO: Enabling integration for: 'virustotal'.
2024/01/23 12:52:53 wazuh-integratord: INFO: Enabling integration for: 'custom-abuseipdb.py'.
2024/01/23 12:52:53 wazuh-integratord: INFO: Enabling integration for: 'custom-w2thive'.
2024/01/23 12:52:53 wazuh-integratord: INFO: Enabling integration for: 'custom-opencti'.
2024/01/23 12:52:53 wazuh-integratord: INFO: Enabling integration for: 'custom-misp.py'.
2024/01/23 12:52:53 wazuh-agentlessd: INFO: Not configured. Exiting.
2024/01/23 12:52:53 wazuh-authd: INFO: Started (pid: 2841).
2024/01/23 12:52:53 wazuh-authd: INFO: Accepting connections on port 1515. No password required.
2024/01/23 12:52:53 wazuh-authd: INFO: Setting network timeout to 1.000000 sec.
2024/01/23 12:52:53 wazuh-db: INFO: Started (pid: 2855).
2024/01/23 12:52:54 wazuh-execd: INFO: Started (pid: 2880).
2024/01/23 12:52:55 wazuh-syscheckd: INFO: Started (pid: 2905).
2024/01/23 12:52:55 wazuh-syscheckd: INFO: (6003): Monitoring path: '/bin', with options 'size | permissions | owner | group | mtime | inode | hash_md5 | hash_sha1 | hash_sha256 | scheduled'.
2024/01/23 12:52:55 wazuh-syscheckd: INFO: (6003): Monitoring path: '/boot', with options 'size | permissions | owner | group | mtime | inode | hash_md5 | hash_sha1 | hash_sha256 | scheduled'.
2024/01/23 12:52:55 wazuh-syscheckd: INFO: (6003): Monitoring path: '/etc', with options 'size | permissions | owner | group | mtime | inode | hash_md5 | hash_sha1 | hash_sha256 | scheduled'.
2024/01/23 12:52:55 wazuh-syscheckd: INFO: (6003): Monitoring path: '/sbin', with options 'size | permissions | owner | group | mtime | inode | hash_md5 | hash_sha1 | hash_sha256 | scheduled'.
2024/01/23 12:52:55 wazuh-syscheckd: INFO: (6003): Monitoring path: '/usr/bin', with options 'size | permissions | owner | group | mtime | inode | hash_md5 | hash_sha1 | hash_sha256 | scheduled'.
2024/01/23 12:52:55 wazuh-syscheckd: INFO: (6003): Monitoring path: '/usr/sbin', with options 'size | permissions | owner | group | mtime | inode | hash_md5 | hash_sha1 | hash_sha256 | scheduled'.
2024/01/23 12:52:55 wazuh-syscheckd: INFO: (6206): Ignore 'file' entry '/etc/mtab'
2024/01/23 12:52:55 wazuh-syscheckd: INFO: (6206): Ignore 'file' entry '/etc/hosts.deny'
2024/01/23 12:52:55 wazuh-syscheckd: INFO: (6206): Ignore 'file' entry '/etc/mail/statistics'
2024/01/23 12:52:55 wazuh-syscheckd: INFO: (6206): Ignore 'file' entry '/etc/random-seed'
2024/01/23 12:52:55 wazuh-syscheckd: INFO: (6206): Ignore 'file' entry '/etc/random.seed'
2024/01/23 12:52:55 wazuh-syscheckd: INFO: (6206): Ignore 'file' entry '/etc/adjtime'
2024/01/23 12:52:55 wazuh-syscheckd: INFO: (6206): Ignore 'file' entry '/etc/httpd/logs'
2024/01/23 12:52:55 wazuh-syscheckd: INFO: (6206): Ignore 'file' entry '/etc/utmpx'
2024/01/23 12:52:55 wazuh-syscheckd: INFO: (6206): Ignore 'file' entry '/etc/wtmpx'
2024/01/23 12:52:55 wazuh-syscheckd: INFO: (6206): Ignore 'file' entry '/etc/cups/certs'
2024/01/23 12:52:55 wazuh-syscheckd: INFO: (6206): Ignore 'file' entry '/etc/dumpdates'
2024/01/23 12:52:55 wazuh-syscheckd: INFO: (6206): Ignore 'file' entry '/etc/svc/volatile'
2024/01/23 12:52:55 wazuh-syscheckd: INFO: (6207): Ignore 'file' sregex '.log$|.swp$'
2024/01/23 12:52:55 wazuh-syscheckd: INFO: (6004): No diff for file: '/etc/ssl/private.key'
2024/01/23 12:52:55 wazuh-syscheckd: INFO: (6000): Starting daemon...
2024/01/23 12:52:55 wazuh-syscheckd: INFO: (6010): File integrity monitoring scan frequency: 43200 seconds
2024/01/23 12:52:55 wazuh-syscheckd: INFO: (6008): File integrity monitoring scan started.
2024/01/23 12:52:55 rootcheck: INFO: Starting rootcheck scan.
2024/01/23 12:52:56 wazuh-syscheckd: INFO: (6009): File integrity monitoring scan ended.
2024/01/23 12:52:56 wazuh-syscheckd: INFO: FIM sync module started.
2024/01/23 12:52:56 wazuh-analysisd: WARNING: (7616): List 'etc/lists/blacklist-alienvault' could not be loaded. Rule '100100' will be ignored.
2024/01/23 12:52:56 wazuh-analysisd: WARNING: (7616): List 'etc/lists/unwanted-software' could not be loaded. Rule '100500' will be ignored.
2024/01/23 12:52:56 wazuh-analysisd: INFO: Total rules enabled: '6807'
2024/01/23 12:52:56 wazuh-remoted: INFO: Started (pid: 2926). Listening on port 1514/TCP (secure).
2024/01/23 12:52:56 wazuh-analysisd: INFO: White listing IP: '127.0.0.1'
2024/01/23 12:52:56 wazuh-analysisd: INFO: 1 IPs in the white list for active response.
2024/01/23 12:52:56 wazuh-analysisd: INFO: White listing Hostname: 'localhost.localdomain'
2024/01/23 12:52:56 wazuh-analysisd: INFO: 1 Hostname(s) in the white list for active response.
2024/01/23 12:52:56 wazuh-analysisd: INFO: Started (pid: 2895).
2024/01/23 12:52:56 wazuh-remoted: INFO: (1410): Reading authentication keys file.
2024/01/23 12:52:56 wazuh-analysisd: INFO: (7200): Logtest started
2024/01/23 12:52:57 wazuh-logcollector: INFO: Monitoring output of command(360): df -P
2024/01/23 12:52:57 wazuh-logcollector: INFO: Monitoring full output of command(360): netstat -tulpn | sed 's/\([[:alnum:]]\+\)\ \+[[:digit:]]\+\ \+[[:digit:]]\+\ \+\(.*\):\([[:digit:]]*\)\ \+\([0-9\.\:\*]\+\).\+\ \([[:digit:]]*\/[[:alnum:]\-]*\).*/\1 \2 == \3 == \4 \5/' | sort -k 4 -g | sed 's/ == \(.*\) ==/:\1/' | sed 1,2d
2024/01/23 12:52:57 wazuh-logcollector: INFO: Monitoring full output of command(360): last -n 20
2024/01/23 12:52:57 wazuh-logcollector: INFO: (1950): Analyzing file: '/var/ossec/logs/active-responses.log'.
2024/01/23 12:52:57 wazuh-logcollector: INFO: (1950): Analyzing file: '/var/log/dpkg.log'.
2024/01/23 12:52:57 wazuh-logcollector: INFO: Started (pid: 2985).
2024/01/23 12:52:57 wazuh-monitord: INFO: Started (pid: 3004).
2024/01/23 12:52:58 wazuh-modulesd: INFO: Started (pid: 3049).
2024/01/23 12:52:58 wazuh-modulesd:osquery: INFO: Module disabled. Exiting...
2024/01/23 12:52:58 wazuh-modulesd:agent-upgrade: INFO: (8153): Module Agent Upgrade started.
2024/01/23 12:52:58 wazuh-modulesd:database: INFO: Module started.
2024/01/23 12:52:58 sca: INFO: Module started.
2024/01/23 12:52:58 sca: INFO: Loaded policy '/var/ossec/ruleset/sca/cis_ubuntu20-04.yml'
2024/01/23 12:52:58 sca: INFO: Starting Security Configuration Assessment scan.
2024/01/23 12:52:58 wazuh-modulesd:task-manager: INFO: (8200): Module Task Manager started.
2024/01/23 12:52:58 wazuh-modulesd:download: INFO: Module started.
2024/01/23 12:52:58 wazuh-modulesd:control: INFO: Starting control thread.
2024/01/23 12:52:58 wazuh-modulesd:ciscat: INFO: Module disabled. Exiting...
2024/01/23 12:52:58 wazuh-modulesd:syscollector: INFO: Module started.
2024/01/23 12:52:58 wazuh-modulesd:syscollector: INFO: Starting evaluation.
2024/01/23 12:52:58 sca: INFO: Starting evaluation of policy: '/var/ossec/ruleset/sca/cis_ubuntu20-04.yml'
2024/01/23 12:52:58 wazuh-modulesd:syscollector: INFO: Evaluation finished.
2024/01/23 12:52:59 wazuh-analysisd: INFO: Connected to 'queue/alerts/ar' (active-response queue)
2024/01/23 12:52:59 wazuh-analysisd: INFO: Connected to 'queue/alerts/execq' (exec queue)
2024/01/23 12:52:59 wazuh-analysisd: INFO: EPS limit disabled
2024/01/23 12:53:03 sca: INFO: Evaluation finished for policy '/var/ossec/ruleset/sca/cis_ubuntu20-04.yml'
2024/01/23 12:53:03 sca: INFO: Security Configuration Assessment scan finished. Duration: 5 seconds.
2024/01/23 12:53:13 rootcheck: INFO: Ending rootcheck scan.
2024/01/23 12:53:30 wazuh-analysisd: WARNING: (7616): List 'etc/lists/blacklist-alienvault' could not be loaded. Rule '100100' will be ignored.
2024/01/23 12:53:30 wazuh-analysisd: WARNING: (7616): List 'etc/lists/unwanted-software' could not be loaded. Rule '100500' will be ignored.
2024/01/23 13:09:25 wazuh-authd: INFO: (1225): SIGNAL [(1)-(Hangup)] Received. Exit Cleaning...
2024/01/23 13:09:25 wazuh-execd: INFO: (1314): Shutdown received. Deleting responses.
2024/01/23 13:09:25 wazuh-execd: INFO: (1225): SIGNAL [(15)-(Terminated)] Received. Exit Cleaning...
2024/01/23 13:09:25 wazuh-integratord: INFO: (1225): SIGNAL [(15)-(Terminated)] Received. Exit Cleaning...
2024/01/23 13:09:25 wazuh-db: INFO: (1225): SIGNAL [(15)-(Terminated)] Received. Exit Cleaning...
2024/01/23 13:09:25 wazuh-db: INFO: (1225): SIGNAL [(1)-(Hangup)] Received. Exit Cleaning...
2024/01/23 13:09:25 wazuh-monitord: INFO: (1225): SIGNAL [(15)-(Terminated)] Received. Exit Cleaning...
2024/01/23 13:09:25 wazuh-syscheckd: INFO: (1756): Shutdown received. Releasing resources.
2024/01/23 13:09:25 wazuh-analysisd: INFO: (1225): SIGNAL [(15)-(Terminated)] Received. Exit Cleaning...
2024/01/23 13:09:25 wazuh-remoted: INFO: (1225): SIGNAL [(15)-(Terminated)] Received. Exit Cleaning...
2024/01/23 13:09:25 wazuh-logcollector: INFO: (1225): SIGNAL [(15)-(Terminated)] Received. Exit Cleaning...
2024/01/23 13:09:25 wazuh-modulesd:syscollector: INFO: Stop received for Syscollector.
2024/01/23 13:09:25 wazuh-modulesd:syscollector: INFO: Module finished.
2024/01/23 13:09:25 wazuh-syscheckd: INFO: (1225): SIGNAL [(15)-(Terminated)] Received. Exit Cleaning...
