2024 Jan 23 19:06:04 wazuh->df -P ossec: output: 'df -P': Filesystem                        1024-blocks     Used Available Capacity Mounted on
2024 Jan 23 19:06:04 wazuh->df -P ossec: output: 'df -P': overlay                              49713728 12264284  34891700      27% /
2024 Jan 23 19:06:04 wazuh->df -P ossec: output: 'df -P': tmpfs                                   65536        0     65536       0% /dev
2024 Jan 23 19:06:04 wazuh->df -P ossec: output: 'df -P': tmpfs                                 8190420        0   8190420       0% /sys/fs/cgroup
2024 Jan 23 19:06:04 wazuh->df -P ossec: output: 'df -P': /dev/mapper/ubuntu--vg-ubuntu--lv    49713728 12264284  34891700      27% /data
2024 Jan 23 19:06:04 wazuh->df -P ossec: output: 'df -P': shm                                     65536       80     65456       1% /dev/shm
2024 Jan 23 19:06:04 wazuh->df -P ossec: output: 'df -P': tmpfs                                 8190420        0   8190420       0% /proc/acpi
2024 Jan 23 19:06:04 wazuh->df -P ossec: output: 'df -P': tmpfs                                 8190420        0   8190420       0% /proc/scsi
2024 Jan 23 19:06:04 wazuh->last -n 20 ossec: output: 'last -n 20':
wtmp begins Tue Jan 23 18:33:54 2024
2024 Jan 23 19:06:04 wazuh->df -P ossec: output: 'df -P': tmpfs                                 8190420        0   8190420       0% /sys/firmware
2024 Jan 23 19:06:04 wazuh->rootcheck Starting rootcheck scan.
2024 Jan 23 19:06:08 wazuh->sca {"type":"summary","scan_id":2031383005,"name":"CIS Ubuntu Linux 20.04 LTS Benchmark v2.0.0","policy_id":"cis_ubuntu20-04","file":"cis_ubuntu20-04.yml","description":"This document provides prescriptive guidance for establishing a secure configuration posture for Ubuntu Linux 20.04 LTS.","references":"https://www.cisecurity.org/cis-benchmarks/","passed":56,"failed":75,"invalid":79,"total_checks":210,"score":42.748088836669922,"start_time":1706036763,"end_time":1706036765,"hash":"96dd8745a44e276e6080712dc520c974a73ab16e9f6703e06e77ef7f297d2762","hash_file":"37d4bc67c13eaf70f4d0650eafa236d5d56c2b82b6957ac2e3bb1f41ee167682","first_scan":1}
2024 Jan 23 19:06:08 wazuh->sca {"type":"policies","policies":["cis_ubuntu20-04"]}
2024 Jan 23 19:06:13 wazuh->wazuh-monitord ossec: Manager started.
2024 Jan 23 19:06:17 wazuh->rootcheck Ending rootcheck scan.
2024 Jan 23 19:12:04 wazuh->df -P ossec: output: 'df -P': tmpfs                                   65536        0     65536       0% /dev
2024 Jan 23 19:12:04 wazuh->df -P ossec: output: 'df -P': Filesystem                        1024-blocks     Used Available Capacity Mounted on
2024 Jan 23 19:12:04 wazuh->df -P ossec: output: 'df -P': overlay                              49713728 12328928  34827056      27% /
2024 Jan 23 19:12:04 wazuh->df -P ossec: output: 'df -P': tmpfs                                 8190420        0   8190420       0% /sys/fs/cgroup
2024 Jan 23 19:12:04 wazuh->df -P ossec: output: 'df -P': tmpfs                                 8190420        0   8190420       0% /proc/scsi
2024 Jan 23 19:12:04 wazuh->df -P ossec: output: 'df -P': tmpfs                                 8190420        0   8190420       0% /sys/firmware
2024 Jan 23 19:12:04 wazuh->df -P ossec: output: 'df -P': /dev/mapper/ubuntu--vg-ubuntu--lv    49713728 12328928  34827056      27% /data
2024 Jan 23 19:12:04 wazuh->df -P ossec: output: 'df -P': shm                                     65536       80     65456       1% /dev/shm
2024 Jan 23 19:12:04 wazuh->df -P ossec: output: 'df -P': tmpfs                                 8190420        0   8190420       0% /proc/acpi
2024 Jan 23 19:12:04 wazuh->last -n 20 ossec: output: 'last -n 20':
wtmp begins Tue Jan 23 18:33:54 2024
